{"/Users/robertocortesmonroy/Documents/prueba_codefin/prueba_codefin/src/components/Button/Button.tsx": {"path":"/Users/robertocortesmonroy/Documents/prueba_codefin/prueba_codefin/src/components/Button/Button.tsx","statementMap":{"0":{"start":{"line":1,"column":0},"end":{"line":1,"column":35}},"1":{"start":{"line":3,"column":0},"end":{"line":3,"column":47}},"2":{"start":{"line":14,"column":17},"end":{"line":18,"column":2}},"3":{"start":{"line":19,"column":15},"end":{"line":49,"column":2}},"4":{"start":{"line":20,"column":27},"end":{"line":20,"column":32}},"5":{"start":{"line":20,"column":37},"end":{"line":20,"column":52}},"6":{"start":{"line":23,"column":2},"end":{"line":48,"column":4}},"7":{"start":{"line":51,"column":9},"end":{"line":51,"column":15}}},"fnMap":{"0":{"name":"Button","decl":{"start":{"line":19,"column":67},"end":{"line":19,"column":73}},"loc":{"start":{"line":21,"column":5},"end":{"line":49,"column":1}}}},"branchMap":{"0":{"loc":{"start":{"line":29,"column":16},"end":{"line":29,"column":69}},"type":"cond-expr","locations":[{"start":{"line":29,"column":44},"end":{"line":29,"column":57}},{"start":{"line":29,"column":60},"end":{"line":29,"column":69}}]},"1":{"loc":{"start":{"line":29,"column":16},"end":{"line":29,"column":41}},"type":"binary-expr","locations":[{"start":{"line":29,"column":16},"end":{"line":29,"column":30}},{"start":{"line":29,"column":34},"end":{"line":29,"column":41}}]},"2":{"loc":{"start":{"line":30,"column":17},"end":{"line":30,"column":52}},"type":"cond-expr","locations":[{"start":{"line":30,"column":45},"end":{"line":30,"column":48}},{"start":{"line":30,"column":51},"end":{"line":30,"column":52}}]},"3":{"loc":{"start":{"line":30,"column":17},"end":{"line":30,"column":42}},"type":"binary-expr","locations":[{"start":{"line":30,"column":17},"end":{"line":30,"column":31}},{"start":{"line":30,"column":35},"end":{"line":30,"column":42}}]},"4":{"loc":{"start":{"line":42,"column":16},"end":{"line":42,"column":41}},"type":"binary-expr","locations":[{"start":{"line":42,"column":16},"end":{"line":42,"column":23}},{"start":{"line":42,"column":27},"end":{"line":42,"column":41}}]},"5":{"loc":{"start":{"line":46,"column":7},"end":{"line":46,"column":54}},"type":"cond-expr","locations":[{"start":{"line":46,"column":17},"end":{"line":46,"column":28}},{"start":{"line":46,"column":31},"end":{"line":46,"column":54}}]},"6":{"loc":{"start":{"line":46,"column":31},"end":{"line":46,"column":54}},"type":"binary-expr","locations":[{"start":{"line":46,"column":31},"end":{"line":46,"column":39}},{"start":{"line":46,"column":43},"end":{"line":46,"column":54}}]}},"s":{"0":1,"1":1,"2":1,"3":1,"4":12,"5":12,"6":12,"7":1},"f":{"0":12},"b":{"0":[3,9],"1":[12,11],"2":[3,9],"3":[12,11],"4":[12,10],"5":[2,10],"6":[10,6]}}
,"/Users/robertocortesmonroy/Documents/prueba_codefin/prueba_codefin/src/components/Card/Card.tsx": {"path":"/Users/robertocortesmonroy/Documents/prueba_codefin/prueba_codefin/src/components/Card/Card.tsx","statementMap":{"0":{"start":{"line":1,"column":0},"end":{"line":1,"column":61}},"1":{"start":{"line":8,"column":20},"end":{"line":11,"column":null}},"2":{"start":{"line":15,"column":2},"end":{"line":32,"column":4}},"3":{"start":{"line":90,"column":9},"end":{"line":90,"column":13}},"4":{"start":{"line":36,"column":26},"end":{"line":36,"column":49}},"5":{"start":{"line":37,"column":2},"end":{"line":49,"column":4}},"6":{"start":{"line":53,"column":2},"end":{"line":53,"column":68}},"7":{"start":{"line":57,"column":26},"end":{"line":57,"column":49}},"8":{"start":{"line":58,"column":2},"end":{"line":68,"column":4}},"9":{"start":{"line":72,"column":2},"end":{"line":82,"column":4}},"10":{"start":{"line":85,"column":0},"end":{"line":85,"column":21}},"11":{"start":{"line":86,"column":0},"end":{"line":86,"column":17}},"12":{"start":{"line":87,"column":0},"end":{"line":87,"column":21}},"13":{"start":{"line":88,"column":0},"end":{"line":88,"column":19}}},"fnMap":{"0":{"name":"Card","decl":{"start":{"line":14,"column":9},"end":{"line":14,"column":13}},"loc":{"start":{"line":14,"column":60},"end":{"line":33,"column":1}}},"1":{"name":"Header","decl":{"start":{"line":35,"column":9},"end":{"line":35,"column":15}},"loc":{"start":{"line":35,"column":53},"end":{"line":50,"column":1}}},"2":{"name":"Body","decl":{"start":{"line":52,"column":9},"end":{"line":52,"column":13}},"loc":{"start":{"line":52,"column":51},"end":{"line":54,"column":1}}},"3":{"name":"Footer","decl":{"start":{"line":56,"column":9},"end":{"line":56,"column":15}},"loc":{"start":{"line":56,"column":53},"end":{"line":69,"column":1}}},"4":{"name":"Image","decl":{"start":{"line":71,"column":9},"end":{"line":71,"column":14}},"loc":{"start":{"line":71,"column":58},"end":{"line":83,"column":1}}}},"branchMap":{"0":{"loc":{"start":{"line":14,"column":26},"end":{"line":14,"column":47}},"type":"default-arg","locations":[{"start":{"line":14,"column":40},"end":{"line":14,"column":47}}]},"1":{"loc":{"start":{"line":19,"column":18},"end":{"line":19,"column":77}},"type":"cond-expr","locations":[{"start":{"line":19,"column":43},"end":{"line":19,"column":49}},{"start":{"line":19,"column":52},"end":{"line":19,"column":77}}]},"2":{"loc":{"start":{"line":42,"column":10},"end":{"line":42,"column":69}},"type":"cond-expr","locations":[{"start":{"line":42,"column":35},"end":{"line":42,"column":41}},{"start":{"line":42,"column":44},"end":{"line":42,"column":69}}]},"3":{"loc":{"start":{"line":62,"column":19},"end":{"line":62,"column":78}},"type":"cond-expr","locations":[{"start":{"line":62,"column":44},"end":{"line":62,"column":50}},{"start":{"line":62,"column":53},"end":{"line":62,"column":78}}]}},"s":{"0":1,"1":1,"2":7,"3":1,"4":2,"5":2,"6":1,"7":2,"8":2,"9":1,"10":1,"11":1,"12":1,"13":1},"f":{"0":7,"1":2,"2":1,"3":2,"4":1},"b":{"0":[3],"1":[2,5],"2":[1,1],"3":[1,1]}}
,"/Users/robertocortesmonroy/Documents/prueba_codefin/prueba_codefin/src/components/Input/Input.tsx": {"path":"/Users/robertocortesmonroy/Documents/prueba_codefin/prueba_codefin/src/components/Input/Input.tsx","statementMap":{"0":{"start":{"line":1,"column":0},"end":{"line":1,"column":56}},"1":{"start":{"line":8,"column":22},"end":{"line":12,"column":2}},"2":{"start":{"line":14,"column":14},"end":{"line":42,"column":2}},"3":{"start":{"line":15,"column":16},"end":{"line":15,"column":21}},"4":{"start":{"line":15,"column":26},"end":{"line":15,"column":40}},"5":{"start":{"line":18,"column":2},"end":{"line":41,"column":4}},"6":{"start":{"line":44,"column":9},"end":{"line":44,"column":14}}},"fnMap":{"0":{"name":"Input","decl":{"start":{"line":14,"column":64},"end":{"line":14,"column":69}},"loc":{"start":{"line":16,"column":5},"end":{"line":42,"column":1}}}},"branchMap":{"0":{"loc":{"start":{"line":35,"column":31},"end":{"line":35,"column":76}},"type":"binary-expr","locations":[{"start":{"line":35,"column":31},"end":{"line":35,"column":51}},{"start":{"line":35,"column":55},"end":{"line":35,"column":76}}]}},"s":{"0":1,"1":1,"2":1,"3":9,"4":9,"5":9,"6":1},"f":{"0":9},"b":{"0":[9,0]}}
,"/Users/robertocortesmonroy/Documents/prueba_codefin/prueba_codefin/src/components/Modal/Modal.tsx": {"path":"/Users/robertocortesmonroy/Documents/prueba_codefin/prueba_codefin/src/components/Modal/Modal.tsx","statementMap":{"0":{"start":{"line":1,"column":0},"end":{"line":1,"column":null}},"1":{"start":{"line":8,"column":0},"end":{"line":8,"column":41}},"2":{"start":{"line":9,"column":0},"end":{"line":9,"column":60}},"3":{"start":{"line":18,"column":14},"end":{"line":71,"column":2}},"4":{"start":{"line":22,"column":36},"end":{"line":22,"column":70}},"5":{"start":{"line":23,"column":19},"end":{"line":23,"column":47}},"6":{"start":{"line":25,"column":2},"end":{"line":25,"column":69}},"7":{"start":{"line":25,"column":33},"end":{"line":25,"column":67}},"8":{"start":{"line":27,"column":29},"end":{"line":27,"column":53}},"9":{"start":{"line":27,"column":35},"end":{"line":27,"column":53}},"10":{"start":{"line":29,"column":2},"end":{"line":31,"column":9}},"11":{"start":{"line":30,"column":4},"end":{"line":30,"column":51}},"12":{"start":{"line":33,"column":2},"end":{"line":33,"column":50}},"13":{"start":{"line":35,"column":2},"end":{"line":35,"column":41}},"14":{"start":{"line":35,"column":29},"end":{"line":35,"column":41}},"15":{"start":{"line":37,"column":2},"end":{"line":70,"column":4}},"16":{"start":{"line":49,"column":23},"end":{"line":49,"column":41}},"17":{"start":{"line":73,"column":9},"end":{"line":73,"column":14}}},"fnMap":{"0":{"name":"Modal","decl":{"start":{"line":18,"column":62},"end":{"line":18,"column":67}},"loc":{"start":{"line":20,"column":5},"end":{"line":71,"column":1}}},"1":{"name":"(anonymous_2)","decl":{"start":{"line":25,"column":27},"end":{"line":25,"column":30}},"loc":{"start":{"line":25,"column":33},"end":{"line":25,"column":67}}},"2":{"name":"(anonymous_3)","decl":{"start":{"line":27,"column":29},"end":{"line":27,"column":32}},"loc":{"start":{"line":27,"column":35},"end":{"line":27,"column":53}}},"3":{"name":"(anonymous_4)","decl":{"start":{"line":29,"column":12},"end":{"line":29,"column":15}},"loc":{"start":{"line":29,"column":17},"end":{"line":31,"column":3}}},"4":{"name":"(anonymous_5)","decl":{"start":{"line":49,"column":17},"end":{"line":49,"column":20}},"loc":{"start":{"line":49,"column":23},"end":{"line":49,"column":41}}}},"branchMap":{"0":{"loc":{"start":{"line":35,"column":2},"end":{"line":35,"column":41}},"type":"if","locations":[{"start":{"line":35,"column":2},"end":{"line":35,"column":41}},{"start":{},"end":{}}]},"1":{"loc":{"start":{"line":35,"column":6},"end":{"line":35,"column":27}},"type":"binary-expr","locations":[{"start":{"line":35,"column":6},"end":{"line":35,"column":13}},{"start":{"line":35,"column":17},"end":{"line":35,"column":27}}]}},"s":{"0":1,"1":1,"2":1,"3":1,"4":10,"5":10,"6":10,"7":0,"8":10,"9":0,"10":10,"11":5,"12":10,"13":10,"14":6,"15":4,"16":1,"17":1},"f":{"0":10,"1":0,"2":0,"3":5,"4":1},"b":{"0":[6,4],"1":[10,8]}}
}
