TN:
SF:src/components/Button/Button.tsx
FN:19,Button
FNF:1
FNH:1
FNDA:12,Button
DA:1,1
DA:3,1
DA:14,1
DA:19,1
DA:20,12
DA:23,12
DA:51,1
LF:7
LH:7
BRDA:29,0,0,3
BRDA:29,0,1,9
BRDA:29,1,0,12
BRDA:29,1,1,11
BRDA:30,2,0,3
BRDA:30,2,1,9
BRDA:30,3,0,12
BRDA:30,3,1,11
BRDA:42,4,0,12
BRDA:42,4,1,10
BRDA:46,5,0,2
BRDA:46,5,1,10
BRDA:46,6,0,10
BRDA:46,6,1,6
BRF:14
BRH:14
end_of_record
TN:
SF:src/components/Card/Card.tsx
FN:14,Card
FN:35,Header
FN:52,Body
FN:56,Footer
FN:71,Image
FNF:5
FNH:5
FNDA:7,Card
FNDA:2,Header
FNDA:1,Body
FNDA:2,Footer
FNDA:1,Image
DA:1,1
DA:8,1
DA:15,7
DA:36,2
DA:37,2
DA:53,1
DA:57,2
DA:58,2
DA:72,1
DA:85,1
DA:86,1
DA:87,1
DA:88,1
DA:90,1
LF:14
LH:14
BRDA:14,0,0,3
BRDA:19,1,0,2
BRDA:19,1,1,5
BRDA:42,2,0,1
BRDA:42,2,1,1
BRDA:62,3,0,1
BRDA:62,3,1,1
BRF:7
BRH:7
end_of_record
TN:
SF:src/components/Input/Input.tsx
FN:14,Input
FNF:1
FNH:1
FNDA:9,Input
DA:1,1
DA:8,1
DA:14,1
DA:15,9
DA:18,9
DA:44,1
LF:6
LH:6
BRDA:35,0,0,9
BRDA:35,0,1,0
BRF:2
BRH:1
end_of_record
TN:
SF:src/components/Modal/Modal.tsx
FN:18,Modal
FN:25,(anonymous_2)
FN:27,(anonymous_3)
FN:29,(anonymous_4)
FN:49,(anonymous_5)
FNF:5
FNH:3
FNDA:10,Modal
FNDA:0,(anonymous_2)
FNDA:0,(anonymous_3)
FNDA:5,(anonymous_4)
FNDA:1,(anonymous_5)
DA:1,1
DA:8,1
DA:9,1
DA:18,1
DA:22,10
DA:23,10
DA:25,10
DA:27,10
DA:29,10
DA:30,5
DA:33,10
DA:35,10
DA:37,4
DA:49,1
DA:73,1
LF:15
LH:15
BRDA:35,0,0,6
BRDA:35,0,1,4
BRDA:35,1,0,10
BRDA:35,1,1,8
BRF:4
BRH:4
end_of_record
